<?xml version="1.0" encoding="UTF-8"?>
<testng-results ignored="0" total="1" passed="1" failed="0" skipped="0">
  <reporter-output>
  </reporter-output>
  <suite started-at="2025-06-27T13:22:11 IST" name="Default suite" finished-at="2025-06-27T13:22:13 IST" duration-ms="2967">
    <groups>
    </groups>
    <test started-at="2025-06-27T13:22:11 IST" name="Default test" finished-at="2025-06-27T13:22:13 IST" duration-ms="2967">
      <class name="Day1.Test1">
        <test-method signature="FirstTest()[pri:0, instance:Day1.Test1@6253c26]" started-at="2025-06-27T13:22:11 IST" name="FirstTest" finished-at="2025-06-27T13:22:13 IST" duration-ms="2883" status="PASS">
          <reporter-output>
          </reporter-output>
        </test-method> <!-- FirstTest -->
      </class> <!-- Day1.Test1 -->
    </test> <!-- Default test -->
  </suite> <!-- Default suite -->
</testng-results>
